d:\very fast\data structure\project\final_project\x64\debug\vc143.pdb
d:\very fast\data structure\project\final_project\x64\debug\vc143.idb
d:\very fast\data structure\project\final_project\x64\debug\main.obj
d:\very fast\data structure\project\final_project\x64\debug\final_project.pdb
d:\very fast\data structure\project\final_project\x64\debug\final_project.tlog\cl.command.1.tlog
d:\very fast\data structure\project\final_project\x64\debug\final_project.tlog\cl.items.tlog
d:\very fast\data structure\project\final_project\x64\debug\final_project.tlog\cl.read.1.tlog
d:\very fast\data structure\project\final_project\x64\debug\final_project.tlog\cl.write.1.tlog
d:\very fast\data structure\project\final_project\x64\debug\final_project.tlog\link-cvtres.read.1.tlog
d:\very fast\data structure\project\final_project\x64\debug\final_project.tlog\link-cvtres.write.1.tlog
d:\very fast\data structure\project\final_project\x64\debug\final_project.tlog\link-rc.read.1.tlog
d:\very fast\data structure\project\final_project\x64\debug\final_project.tlog\link-rc.write.1.tlog
d:\very fast\data structure\project\final_project\x64\debug\final_project.tlog\link.15772-cvtres.read.1.tlog
d:\very fast\data structure\project\final_project\x64\debug\final_project.tlog\link.15772-cvtres.write.1.tlog
d:\very fast\data structure\project\final_project\x64\debug\final_project.tlog\link.15772-rc.read.1.tlog
d:\very fast\data structure\project\final_project\x64\debug\final_project.tlog\link.15772-rc.write.1.tlog
d:\very fast\data structure\project\final_project\x64\debug\final_project.tlog\link.15772.read.1.tlog
d:\very fast\data structure\project\final_project\x64\debug\final_project.tlog\link.15772.read.2.tlog
d:\very fast\data structure\project\final_project\x64\debug\final_project.tlog\link.15772.write.1.tlog
d:\very fast\data structure\project\final_project\x64\debug\final_project.tlog\link.command.1.tlog
d:\very fast\data structure\project\final_project\x64\debug\final_project.tlog\link.read.1.tlog
d:\very fast\data structure\project\final_project\x64\debug\final_project.tlog\link.read.2.tlog
d:\very fast\data structure\project\final_project\x64\debug\final_project.tlog\link.write.1.tlog
